#
# There is insufficient memory for the Java Runtime Environment to continue.
# Native memory allocation (malloc) failed to allocate 1296976 bytes for Chunk::new
# Possible reasons:
#   The system is out of physical RAM or swap space
#   In 32 bit mode, the process size limit was hit
# Possible solutions:
#   Reduce memory load on the system
#   Increase physical memory or swap space
#   Check if swap backing store is full
#   Use 64 bit Java on a 64 bit OS
#   Decrease Java heap size (-Xmx/-Xms)
#   Decrease number of Java threads
#   Decrease Java thread stack sizes (-Xss)
#   Set larger code cache with -XX:ReservedCodeCacheSize=
# This output file may be truncated or incomplete.
#
#  Out of Memory Error (allocation.cpp:390), pid=6712, tid=0x0000000000001284
#
# JRE version: Java(TM) SE Runtime Environment (8.0_191-b12) (build 1.8.0_191-b12)
# Java VM: Java HotSpot(TM) 64-Bit Server VM (25.191-b12 mixed mode windows-amd64 compressed oops)
# Failed to write core dump. Minidumps are not enabled by default on client versions of Windows
#

---------------  T H R E A D  ---------------

Current thread (0x0000000019e33000):  JavaThread "C2 CompilerThread2" daemon [_thread_in_native, id=4740, stack(0x000000001b520000,0x000000001b620000)]

Stack: [0x000000001b520000,0x000000001b620000]
[error occurred during error reporting (printing stack bounds), id 0xc0000005]

Native frames: (J=compiled Java code, j=interpreted, Vv=VM code, C=native code)


Current CompileTask:
C2:1181692 18210       4       com.android.tools.r8.dex.n::a (910 bytes)


---------------  P R O C E S S  ---------------

Java Threads: ( => current thread )
  0x000000002ccb3800 JavaThread "ForkJoinPool-2-worker-12" daemon [_thread_blocked, id=3952, stack(0x0000000033aa0000,0x0000000033ba0000)]
  0x000000002ccad000 JavaThread "ForkJoinPool-2-worker-3" daemon [_thread_in_vm_trans, id=7640, stack(0x00000000339a0000,0x0000000033aa0000)]
  0x000000002cca5800 JavaThread "ForkJoinPool-2-worker-10" daemon [_thread_in_Java, id=14752, stack(0x00000000338a0000,0x00000000339a0000)]
  0x000000002ccac000 JavaThread "ForkJoinPool-2-worker-1" daemon [_thread_in_Java, id=4764, stack(0x00000000337a0000,0x00000000338a0000)]
  0x000000002cca4800 JavaThread "ForkJoinPool-2-worker-8" daemon [_thread_blocked, id=13512, stack(0x00000000336a0000,0x00000000337a0000)]
  0x000000002ccab800 JavaThread "ForkJoinPool-2-worker-15" daemon [_thread_in_Java, id=4616, stack(0x00000000335a0000,0x00000000336a0000)]
  0x000000002cca4000 JavaThread "ForkJoinPool-2-worker-6" daemon [_thread_in_Java, id=7840, stack(0x00000000334a0000,0x00000000335a0000)]
  0x000000002cca6000 JavaThread "ForkJoinPool-2-worker-13" daemon [_thread_blocked, id=7512, stack(0x00000000333a0000,0x00000000334a0000)]
  0x000000002ccaa800 JavaThread "ForkJoinPool-2-worker-4" daemon [_thread_blocked, id=7832, stack(0x00000000332a0000,0x00000000333a0000)]
  0x000000002cca3000 JavaThread "ForkJoinPool-2-worker-11" daemon [_thread_in_Java, id=15572, stack(0x0000000031b60000,0x0000000031c60000)]
  0x000000002ccaa000 JavaThread "ForkJoinPool-2-worker-2" daemon [_thread_blocked, id=7804, stack(0x0000000030a60000,0x0000000030b60000)]
  0x000000002cca2800 JavaThread "ForkJoinPool-2-worker-9" daemon [_thread_in_Java, id=10940, stack(0x0000000030560000,0x0000000030660000)]
  0x000000002cca8800 JavaThread "WorkerExecutor Queue Thread 13" [_thread_blocked, id=7452, stack(0x0000000031260000,0x0000000031360000)]
  0x000000001fd54000 JavaThread "WorkerExecutor Queue Thread 12" [_thread_blocked, id=6140, stack(0x0000000031160000,0x0000000031260000)]
  0x000000001fd4f800 JavaThread "WorkerExecutor Queue Thread 11" [_thread_blocked, id=9516, stack(0x0000000031060000,0x0000000031160000)]
  0x000000001fd55000 JavaThread "WorkerExecutor Queue Thread 10" [_thread_blocked, id=11868, stack(0x0000000030f60000,0x0000000031060000)]
  0x000000001fd50800 JavaThread "WorkerExecutor Queue Thread 9" [_thread_blocked, id=11684, stack(0x0000000030e60000,0x0000000030f60000)]
  0x000000001fd52000 JavaThread "WorkerExecutor Queue Thread 8" [_thread_blocked, id=2188, stack(0x0000000030230000,0x0000000030330000)]
  0x000000001fd53800 JavaThread "WorkerExecutor Queue Thread 7" [_thread_blocked, id=5872, stack(0x0000000030130000,0x0000000030230000)]
  0x000000001fd51000 JavaThread "WorkerExecutor Queue Thread 6" [_thread_blocked, id=3344, stack(0x0000000030030000,0x0000000030130000)]
  0x000000001fd4f000 JavaThread "WorkerExecutor Queue Thread 5" [_thread_blocked, id=11228, stack(0x000000002ff30000,0x0000000030030000)]
  0x000000001fd52800 JavaThread "ForkJoinPool.commonPool-worker-3" daemon [_thread_blocked, id=1652, stack(0x0000000030d60000,0x0000000030e60000)]
  0x000000001fd47800 JavaThread "ForkJoinPool.commonPool-worker-10" daemon [_thread_blocked, id=3200, stack(0x0000000030c60000,0x0000000030d60000)]
  0x000000001fd4e000 JavaThread "ForkJoinPool.commonPool-worker-1" daemon [_thread_blocked, id=11944, stack(0x0000000030b60000,0x0000000030c60000)]
  0x000000001fd46000 JavaThread "ForkJoinPool.commonPool-worker-15" daemon [_thread_blocked, id=6376, stack(0x0000000030960000,0x0000000030a60000)]
  0x000000001fd4c800 JavaThread "ForkJoinPool.commonPool-worker-6" daemon [_thread_blocked, id=8504, stack(0x0000000030860000,0x0000000030960000)]
  0x000000001fd4c000 JavaThread "ForkJoinPool.commonPool-worker-13" daemon [_thread_blocked, id=11732, stack(0x0000000030760000,0x0000000030860000)]
  0x000000001fd4b000 JavaThread "ForkJoinPool.commonPool-worker-4" daemon [_thread_blocked, id=4808, stack(0x0000000030660000,0x0000000030760000)]
  0x000000001fd49800 JavaThread "ForkJoinPool.commonPool-worker-2" daemon [_thread_blocked, id=8356, stack(0x0000000030460000,0x0000000030560000)]
  0x000000001fd49000 JavaThread "ForkJoinPool.commonPool-worker-9" daemon [_thread_blocked, id=1672, stack(0x0000000030360000,0x0000000030460000)]
  0x000000001ccae000 JavaThread "Cache worker for Java compile cache (C:\Users\23566\Desktop\homework\MyApplication10\.gradle\6.5\javaCompile)" [_thread_blocked, id=7760, stack(0x000000002f830000,0x000000002f930000)]
  0x0000000020abe800 JavaThread "Cache worker for Java compile cache (C:\Users\23566\.gradle\caches\6.5\javaCompile)" [_thread_blocked, id=7548, stack(0x000000002ea50000,0x000000002eb50000)]
  0x0000000020ac5000 JavaThread "WorkerExecutor Queue Thread 4" [_thread_blocked, id=8596, stack(0x000000002f530000,0x000000002f630000)]
  0x0000000020ac4800 JavaThread "stdout" [_thread_in_native, id=1248, stack(0x000000002f230000,0x000000002f330000)]
  0x0000000020ac3800 JavaThread "stderr" [_thread_in_native, id=17296, stack(0x000000002f130000,0x000000002f230000)]
  0x0000000020ac3000 JavaThread "stdout" [_thread_in_native, id=10760, stack(0x000000002f030000,0x000000002f130000)]
  0x0000000020ac2000 JavaThread "stderr" [_thread_in_native, id=2780, stack(0x000000002ef30000,0x000000002f030000)]
  0x0000000020ac1800 JavaThread "stdout" [_thread_in_native, id=7588, stack(0x000000002ee30000,0x000000002ef30000)]
  0x0000000020aba000 JavaThread "stderr" [_thread_in_native, id=408, stack(0x000000002e950000,0x000000002ea50000)]
  0x0000000020ac0800 JavaThread "pool-9-thread-1" [_thread_blocked, id=16032, stack(0x000000002ed30000,0x000000002ee30000)]
  0x0000000020ac0000 JavaThread "WorkerExecutor Queue Thread 3" [_thread_blocked, id=8916, stack(0x000000002e850000,0x000000002e950000)]
  0x0000000020abf000 JavaThread "WorkerExecutor Queue Thread 2" [_thread_blocked, id=9284, stack(0x000000002ec30000,0x000000002ed30000)]
  0x0000000020ab7800 JavaThread "Cache worker for execution history cache (C:\Users\23566\Desktop\homework\MyApplication10\.gradle\6.5\executionHistory)" [_thread_blocked, id=9964, stack(0x000000002df50000,0x000000002e050000)]
  0x0000000020ab6000 JavaThread "Execution worker for ':' Thread 11" [_thread_blocked, id=11052, stack(0x000000002de50000,0x000000002df50000)]
  0x0000000020abc000 JavaThread "Execution worker for ':' Thread 10" [_thread_blocked, id=11336, stack(0x000000002dd50000,0x000000002de50000)]
  0x0000000020abd000 JavaThread "Execution worker for ':' Thread 9" [_thread_blocked, id=12892, stack(0x000000002dc50000,0x000000002dd50000)]
  0x0000000020abb800 JavaThread "Execution worker for ':' Thread 8" [_thread_blocked, id=14960, stack(0x000000002db50000,0x000000002dc50000)]
  0x0000000020aba800 JavaThread "Execution worker for ':' Thread 7" [_thread_blocked, id=9332, stack(0x000000002da50000,0x000000002db50000)]
  0x0000000020ab7000 JavaThread "Execution worker for ':' Thread 6" [_thread_blocked, id=7456, stack(0x000000002d950000,0x000000002da50000)]
  0x0000000020ab8800 JavaThread "Execution worker for ':' Thread 5" [_thread_blocked, id=1320, stack(0x000000002d850000,0x000000002d950000)]
  0x0000000020ab9000 JavaThread "Execution worker for ':' Thread 4" [_thread_blocked, id=10848, stack(0x000000002d750000,0x000000002d850000)]
  0x0000000021ff2800 JavaThread "Execution worker for ':' Thread 3" [_thread_blocked, id=2172, stack(0x000000002d500000,0x000000002d600000)]
  0x0000000021ff2000 JavaThread "Execution worker for ':' Thread 2" [_thread_blocked, id=10440, stack(0x000000002c000000,0x000000002c100000)]
  0x0000000021fef800 JavaThread "Execution worker for ':'" [_thread_blocked, id=3436, stack(0x000000002b820000,0x000000002b920000)]
  0x0000000021ff1000 JavaThread "Cache worker for file content cache (C:\Users\23566\Desktop\homework\MyApplication10\.gradle\6.5\fileContent)" [_thread_blocked, id=4112, stack(0x000000002a8e0000,0x000000002a9e0000)]
  0x0000000021ff0800 JavaThread "Cache worker for Build Output Cleanup Cache (C:\Users\23566\Desktop\homework\MyApplication10\.gradle\buildOutputCleanup)" [_thread_blocked, id=17028, stack(0x000000002a7e0000,0x000000002a8e0000)]
  0x0000000021fef000 JavaThread "jar transforms Thread 644" [_thread_blocked, id=13712, stack(0x000000002a6e0000,0x000000002a7e0000)]
  0x0000000021fee000 JavaThread "jar transforms Thread 643" [_thread_blocked, id=11436, stack(0x000000002a5e0000,0x000000002a6e0000)]
  0x0000000021fec800 JavaThread "jar transforms Thread 642" [_thread_blocked, id=6156, stack(0x000000002a4e0000,0x000000002a5e0000)]
  0x0000000021fe6800 JavaThread "jar transforms Thread 641" [_thread_blocked, id=4564, stack(0x000000002a3e0000,0x000000002a4e0000)]
  0x0000000021fed800 JavaThread "jar transforms Thread 640" [_thread_blocked, id=10256, stack(0x000000002a2e0000,0x000000002a3e0000)]
  0x0000000021fe5000 JavaThread "jar transforms Thread 639" [_thread_blocked, id=9868, stack(0x000000002a1e0000,0x000000002a2e0000)]
  0x0000000021fec000 JavaThread "jar transforms Thread 638" [_thread_blocked, id=10020, stack(0x000000002a0e0000,0x000000002a1e0000)]
  0x0000000021fe4800 JavaThread "jar transforms Thread 637" [_thread_blocked, id=13448, stack(0x0000000029fe0000,0x000000002a0e0000)]
  0x0000000021feb000 JavaThread "jar transforms Thread 636" [_thread_blocked, id=9784, stack(0x0000000029ee0000,0x0000000029fe0000)]
  0x0000000021fe3800 JavaThread "jar transforms Thread 635" [_thread_blocked, id=1612, stack(0x0000000029de0000,0x0000000029ee0000)]
  0x0000000021fea800 JavaThread "jar transforms Thread 634" [_thread_blocked, id=17288, stack(0x0000000029ce0000,0x0000000029de0000)]
  0x0000000021fe9000 JavaThread "jar transforms Thread 633" [_thread_blocked, id=8360, stack(0x0000000029be0000,0x0000000029ce0000)]
  0x0000000021fe6000 JavaThread "jar transforms Thread 632" [_thread_blocked, id=15464, stack(0x0000000029ae0000,0x0000000029be0000)]
  0x0000000021fe8000 JavaThread "jar transforms Thread 631" [_thread_blocked, id=10220, stack(0x00000000299e0000,0x0000000029ae0000)]
  0x0000000021fe7800 JavaThread "jar transforms Thread 630" [_thread_blocked, id=9420, stack(0x00000000298e0000,0x00000000299e0000)]
  0x0000000021fe9800 JavaThread "jar transforms Thread 629" [_thread_blocked, id=6580, stack(0x00000000297e0000,0x00000000298e0000)]
  0x000000001d85a800 JavaThread "jar transforms Thread 628" [_thread_blocked, id=10936, stack(0x00000000296e0000,0x00000000297e0000)]
  0x000000001d85f800 JavaThread "jar transforms Thread 627" [_thread_blocked, id=6360, stack(0x00000000295e0000,0x00000000296e0000)]
  0x000000001d85e000 JavaThread "jar transforms Thread 626" [_thread_blocked, id=12864, stack(0x00000000294e0000,0x00000000295e0000)]
  0x000000001d85d800 JavaThread "jar transforms Thread 625" [_thread_blocked, id=5436, stack(0x00000000293e0000,0x00000000294e0000)]
  0x000000001d85c800 JavaThread "jar transforms Thread 624" [_thread_blocked, id=9268, stack(0x00000000292e0000,0x00000000293e0000)]
  0x000000001ccb5000 JavaThread "jar transforms Thread 623" [_thread_blocked, id=6532, stack(0x00000000291e0000,0x00000000292e0000)]
  0x000000001ccb6000 JavaThread "jar transforms Thread 622" [_thread_blocked, id=3112, stack(0x00000000290e0000,0x00000000291e0000)]
  0x000000001ccb3800 JavaThread "jar transforms Thread 621" [_thread_blocked, id=12168, stack(0x0000000028fe0000,0x00000000290e0000)]
  0x000000001ccb7800 JavaThread "jar transforms Thread 620" [_thread_blocked, id=2636, stack(0x0000000028ee0000,0x0000000028fe0000)]
  0x000000001ccb3000 JavaThread "jar transforms Thread 619" [_thread_blocked, id=16784, stack(0x0000000028de0000,0x0000000028ee0000)]
  0x000000001ccb6800 JavaThread "jar transforms Thread 618" [_thread_blocked, id=17204, stack(0x0000000028ce0000,0x0000000028de0000)]
  0x000000001ccaa800 JavaThread "jar transforms Thread 617" [_thread_blocked, id=14924, stack(0x0000000028be0000,0x0000000028ce0000)]
  0x000000001ccab000 JavaThread "jar transforms Thread 616" [_thread_blocked, id=9800, stack(0x0000000028ae0000,0x0000000028be0000)]
  0x000000001ccb1800 JavaThread "jar transforms Thread 615" [_thread_blocked, id=7280, stack(0x00000000289e0000,0x0000000028ae0000)]
  0x000000001cca9800 JavaThread "jar transforms Thread 614" [_thread_blocked, id=12920, stack(0x00000000288e0000,0x00000000289e0000)]
  0x000000001ccaf800 JavaThread "jar transforms Thread 613" [_thread_blocked, id=13116, stack(0x00000000287e0000,0x00000000288e0000)]
  0x000000001ccb0800 JavaThread "jar transforms Thread 612" [_thread_blocked, id=2852, stack(0x00000000286e0000,0x00000000287e0000)]
  0x000000001cca9000 JavaThread "jar transforms Thread 611" [_thread_blocked, id=8112, stack(0x00000000285e0000,0x00000000286e0000)]
  0x000000001cca8000 JavaThread "jar transforms Thread 610" [_thread_blocked, id=2984, stack(0x00000000284e0000,0x00000000285e0000)]
  0x000000001ccac800 JavaThread "jar transforms Thread 609" [_thread_blocked, id=8420, stack(0x00000000283e0000,0x00000000284e0000)]
  0x000000001ccac000 JavaThread "jar transforms Thread 608" [_thread_blocked, id=16072, stack(0x00000000282e0000,0x00000000283e0000)]
  0x0000000021095800 JavaThread "jar transforms Thread 607" [_thread_blocked, id=16392, stack(0x00000000281e0000,0x00000000282e0000)]
  0x000000002109c000 JavaThread "jar transforms Thread 606" [_thread_blocked, id=4364, stack(0x00000000280e0000,0x00000000281e0000)]
  0x000000002109a800 JavaThread "jar transforms Thread 605" [_thread_blocked, id=15016, stack(0x0000000027fe0000,0x00000000280e0000)]
  0x000000002109a000 JavaThread "jar transforms Thread 604" [_thread_blocked, id=7084, stack(0x0000000027ee0000,0x0000000027fe0000)]
  0x0000000021097800 JavaThread "jar transforms Thread 603" [_thread_blocked, id=17372, stack(0x0000000027de0000,0x0000000027ee0000)]
  0x000000002109b800 JavaThread "jar transforms Thread 602" [_thread_blocked, id=16844, stack(0x0000000027ce0000,0x0000000027de0000)]
  0x0000000021099000 JavaThread "jar transforms Thread 601" [_thread_blocked, id=3492, stack(0x0000000027be0000,0x0000000027ce0000)]
  0x0000000021097000 JavaThread "jar transforms Thread 600" [_thread_blocked, id=8288, stack(0x0000000027ae0000,0x0000000027be0000)]
  0x0000000021096000 JavaThread "jar transforms Thread 599" [_thread_blocked, id=1856, stack(0x00000000279e0000,0x0000000027ae0000)]
  0x0000000021098800 JavaThread "jar transforms Thread 598" [_thread_blocked, id=1800, stack(0x00000000278e0000,0x00000000279e0000)]
  0x0000000021094800 JavaThread "jar transforms Thread 597" [_thread_blocked, id=16580, stack(0x00000000277e0000,0x00000000278e0000)]
  0x000000002108d000 JavaThread "jar transforms Thread 596" [_thread_blocked, id=3728, stack(0x00000000276e0000,0x00000000277e0000)]
  0x0000000021093000 JavaThread "jar transforms Thread 595" [_thread_blocked, id=1700, stack(0x00000000275e0000,0x00000000276e0000)]
  0x0000000021094000 JavaThread "jar transforms Thread 594" [_thread_blocked, id=7536, stack(0x00000000274e0000,0x00000000275e0000)]
  0x0000000021091800 JavaThread "jar transforms Thread 593" [_thread_blocked, id=12032, stack(0x00000000273e0000,0x00000000274e0000)]
  0x0000000021090000 JavaThread "jar transforms Thread 592" [_thread_blocked, id=2292, stack(0x00000000272e0000,0x00000000273e0000)]
  0x000000002108e800 JavaThread "jar transforms Thread 591" [_thread_blocked, id=15204, stack(0x00000000271e0000,0x00000000272e0000)]
  0x000000002108f000 JavaThread "jar transforms Thread 590" [_thread_blocked, id=5448, stack(0x00000000270e0000,0x00000000271e0000)]
  0x0000000020e2b800 JavaThread "jar transforms Thread 589" [_thread_blocked, id=12004, stack(0x0000000026fe0000,0x00000000270e0000)]
  0x0000000020e2a800 JavaThread "jar transforms Thread 588" [_thread_blocked, id=13644, stack(0x0000000026ee0000,0x0000000026fe0000)]
  0x0000000020e29000 JavaThread "jar transforms Thread 587" [_thread_blocked, id=13836, stack(0x0000000026de0000,0x0000000026ee0000)]
  0x0000000020e27000 JavaThread "jar transforms Thread 586" [_thread_blocked, id=8552, stack(0x0000000026ce0000,0x0000000026de0000)]
  0x0000000020e2a000 JavaThread "jar transforms Thread 585" [_thread_blocked, id=13052, stack(0x0000000026be0000,0x0000000026ce0000)]
  0x0000000020e28800 JavaThread "jar transforms Thread 584" [_thread_blocked, id=14284, stack(0x0000000026ae0000,0x0000000026be0000)]
  0x0000000020e26000 JavaThread "jar transforms Thread 583" [_thread_blocked, id=13508, stack(0x00000000269e0000,0x0000000026ae0000)]
  0x0000000020e1e800 JavaThread "jar transforms Thread 582" [_thread_blocked, id=16940, stack(0x00000000268e0000,0x00000000269e0000)]
  0x0000000020e25800 JavaThread "jar transforms Thread 581" [_thread_blocked, id=8424, stack(0x00000000267e0000,0x00000000268e0000)]
  0x0000000020e24800 JavaThread "jar transforms Thread 580" [_thread_blocked, id=12192, stack(0x00000000266e0000,0x00000000267e0000)]
  0x0000000020e22800 JavaThread "jar transforms Thread 579" [_thread_blocked, id=1500, stack(0x00000000265e0000,0x00000000266e0000)]
  0x0000000020e1d000 JavaThread "jar transforms Thread 578" [_thread_blocked, id=7724, stack(0x00000000264e0000,0x00000000265e0000)]
  0x0000000020e1f800 JavaThread "jar transforms Thread 577" [_thread_blocked, id=4988, stack(0x00000000263e0000,0x00000000264e0000)]
  0x0000000020e21000 JavaThread "jar transforms Thread 576" [_thread_blocked, id=7224, stack(0x00000000262e0000,0x00000000263e0000)]
  0x0000000020e24000 JavaThread "jar transforms Thread 575" [_thread_blocked, id=16824, stack(0x00000000261e0000,0x00000000262e0000)]
  0x0000000020e21800 JavaThread "jar transforms Thread 574" [_thread_blocked, id=12212, stack(0x00000000260e0000,0x00000000261e0000)]
  0x0000000020e23000 JavaThread "jar transforms Thread 573" [_thread_blocked, id=9672, stack(0x0000000025fe0000,0x00000000260e0000)]
  0x0000000020e1d800 JavaThread "jar transforms Thread 572" [_thread_blocked, id=4092, stack(0x0000000025ee0000,0x0000000025fe0000)]
  0x0000000020e20000 JavaThread "jar transforms Thread 571" [_thread_blocked, id=16420, stack(0x0000000025de0000,0x0000000025ee0000)]
  0x0000000020e1c000 JavaThread "jar transforms Thread 570" [_thread_blocked, id=15684, stack(0x0000000025ce0000,0x0000000025de0000)]
  0x00000000210df800 JavaThread "jar transforms Thread 569" [_thread_blocked, id=16336, stack(0x0000000025be0000,0x0000000025ce0000)]
  0x00000000210e6000 JavaThread "jar transforms Thread 568" [_thread_blocked, id=5168, stack(0x0000000025ae0000,0x0000000025be0000)]
  0x00000000210e5800 JavaThread "jar transforms Thread 567" [_thread_blocked, id=11216, stack(0x00000000259e0000,0x0000000025ae0000)]
  0x00000000210e1000 JavaThread "jar transforms Thread 566" [_thread_blocked, id=11416, stack(0x00000000258e0000,0x00000000259e0000)]
  0x00000000210e2800 JavaThread "jar transforms Thread 565" [_thread_blocked, id=4556, stack(0x00000000257e0000,0x00000000258e0000)]
  0x00000000210e4800 JavaThread "jar transforms Thread 564" [_thread_blocked, id=12264, stack(0x00000000256e0000,0x00000000257e0000)]
  0x00000000210e4000 JavaThread "jar transforms Thread 563" [_thread_blocked, id=11908, stack(0x00000000255e0000,0x00000000256e0000)]
  0x00000000210e3000 JavaThread "jar transforms Thread 562" [_thread_blocked, id=14920, stack(0x00000000254e0000,0x00000000255e0000)]
  0x00000000210e1800 JavaThread "jar transforms Thread 561" [_thread_blocked, id=11012, stack(0x00000000253e0000,0x00000000254e0000)]
  0x00000000210e0000 JavaThread "jar transforms Thread 560" [_thread_blocked, id=11724, stack(0x00000000252e0000,0x00000000253e0000)]
  0x00000000210d7800 JavaThread "jar transforms Thread 559" [_thread_blocked, id=11552, stack(0x00000000251e0000,0x00000000252e0000)]
  0x00000000210de800 JavaThread "jar transforms Thread 558" [_thread_blocked, id=2504, stack(0x00000000250e0000,0x00000000251e0000)]
  0x00000000210dc800 JavaThread "jar transforms Thread 557" [_thread_blocked, id=9724, stack(0x0000000024fe0000,0x00000000250e0000)]
  0x00000000210db800 JavaThread "jar transforms Thread 556" [_thread_blocked, id=15900, stack(0x0000000024ee0000,0x0000000024fe0000)]
  0x00000000210db000 JavaThread "jar transforms Thread 555" [_thread_blocked, id=8812, stack(0x0000000024de0000,0x0000000024ee0000)]
  0x00000000210da000 JavaThread "jar transforms Thread 554" [_thread_blocked, id=12488, stack(0x0000000024ae0000,0x0000000024be0000)]
  0x00000000210de000 JavaThread "jar transforms Thread 553" [_thread_blocked, id=10192, stack(0x00000000249e0000,0x0000000024ae0000)]
  0x00000000210d9000 JavaThread "Build operations Thread 12" [_thread_blocked, id=12464, stack(0x00000000248e0000,0x00000000249e0000)]
  0x00000000210d8800 JavaThread "Build operations Thread 11" [_thread_blocked, id=1404, stack(0x00000000247e0000,0x00000000248e0000)]
  0x00000000210d7000 JavaThread "Build operations Thread 10" [_thread_blocked, id=7032, stack(0x00000000246e0000,0x00000000247e0000)]
  0x000000001cd3f800 JavaThread "Build operations Thread 9" [_thread_blocked, id=12332, stack(0x00000000245e0000,0x00000000246e0000)]
  0x000000001cd41800 JavaThread "Build operations Thread 8" [_thread_blocked, id=7248, stack(0x00000000244e0000,0x00000000245e0000)]
  0x000000001cd41000 JavaThread "Build operations Thread 7" [_thread_blocked, id=5648, stack(0x00000000243e0000,0x00000000244e0000)]
  0x000000001cd3e800 JavaThread "Build operations Thread 6" [_thread_blocked, id=11292, stack(0x00000000242e0000,0x00000000243e0000)]
  0x000000001cd42800 JavaThread "Build operations Thread 5" [_thread_blocked, id=6208, stack(0x00000000241e0000,0x00000000242e0000)]
  0x000000001cd3e000 JavaThread "Build operations Thread 4" [_thread_blocked, id=2012, stack(0x00000000240e0000,0x00000000241e0000)]
  0x000000001cd40000 JavaThread "Build operations Thread 3" [_thread_blocked, id=9636, stack(0x0000000023fe0000,0x00000000240e0000)]
  0x000000001cd3d000 JavaThread "Build operations Thread 2" [_thread_blocked, id=6408, stack(0x00000000237e0000,0x00000000238e0000)]
  0x000000001cd3c800 JavaThread "Build operations" [_thread_blocked, id=13124, stack(0x0000000021b90000,0x0000000021c90000)]
  0x000000001cd35000 JavaThread "Cache worker for cache directory md-rule (C:\Users\23566\.gradle\caches\6.5\md-rule)" [_thread_blocked, id=3508, stack(0x0000000021890000,0x0000000021990000)]
  0x000000001cd3b800 JavaThread "Cache worker for cache directory md-supplier (C:\Users\23566\.gradle\caches\6.5\md-supplier)" [_thread_blocked, id=13616, stack(0x000000001f0f0000,0x000000001f1f0000)]
  0x000000001cd3b000 JavaThread "Cache worker for checksums cache (C:\Users\23566\Desktop\homework\MyApplication10\.gradle\checksums)" [_thread_blocked, id=3848, stack(0x000000001eff0000,0x000000001f0f0000)]
  0x000000001cd3a000 JavaThread "Cache worker for file hash cache (C:\Users\23566\Desktop\homework\MyApplication10\.gradle\6.5\fileHashes)" [_thread_blocked, id=10872, stack(0x000000001eef0000,0x000000001eff0000)]
  0x000000001cd36800 JavaThread "Thread-817" [_thread_blocked, id=4892, stack(0x000000001edf0000,0x000000001eef0000)]
  0x000000001cd37000 JavaThread "Stdin handler" [_thread_blocked, id=3632, stack(0x000000001ecf0000,0x000000001edf0000)]
  0x000000001cd35800 JavaThread "Asynchronous log dispatcher for DefaultDaemonConnection: socket connection from /127.0.0.1:8250 to /127.0.0.1:10409" [_thread_blocked, id=15812, stack(0x000000001ebf0000,0x000000001ecf0000)]
  0x000000001cd34000 JavaThread "Daemon worker Thread 7" [_thread_blocked, id=2772, stack(0x000000001e9f0000,0x000000001eaf0000)]
  0x000000001cd39800 JavaThread "Cancel handler" [_thread_blocked, id=15280, stack(0x0000000001380000,0x0000000001480000)]
  0x000000001cd33800 JavaThread "Handler for socket connection from /127.0.0.1:8250 to /127.0.0.1:10409" [_thread_in_native, id=6844, stack(0x0000000001210000,0x0000000001310000)]
  0x000000001cd38000 JavaThread "Daemon Thread 7" [_thread_blocked, id=13908, stack(0x0000000001110000,0x0000000001210000)]
  0x000000001ccaf000 JavaThread "Memory manager" [_thread_blocked, id=9348, stack(0x000000002aad0000,0x000000002abd0000)]
  0x000000001d860800 JavaThread "Cache worker for file content cache (C:\Users\23566\.gradle\caches\6.5\fileContent)" [_thread_blocked, id=1820, stack(0x00000000238e0000,0x00000000239e0000)]
  0x000000001d85f000 JavaThread "Cache worker for execution history cache (C:\Users\23566\.gradle\caches\6.5\executionHistory)" [_thread_blocked, id=9948, stack(0x00000000230e0000,0x00000000231e0000)]
  0x000000001d85c000 JavaThread "Cache worker for file hash cache (C:\Users\23566\.gradle\caches\6.5\fileHashes)" [_thread_blocked, id=13676, stack(0x000000001f5f0000,0x000000001f6f0000)]
  0x000000001d861000 JavaThread "File lock request listener" [_thread_in_native, id=1608, stack(0x000000001f4f0000,0x000000001f5f0000)]
  0x000000001d85b000 JavaThread "Cache worker for journal cache (C:\Users\23566\.gradle\caches\journal-1)" [_thread_blocked, id=15720, stack(0x000000001f3f0000,0x000000001f4f0000)]
  0x000000001d7dd800 JavaThread "Daemon periodic checks" [_thread_blocked, id=15596, stack(0x000000001e6f0000,0x000000001e7f0000)]
  0x000000001d7e6800 JavaThread "Incoming local TCP Connector on port 8250" [_thread_in_native, id=12120, stack(0x000000001e5f0000,0x000000001e6f0000)]
  0x0000000019f21000 JavaThread "Daemon health stats" [_thread_blocked, id=13272, stack(0x000000001d0f0000,0x000000001d1f0000)]
  0x0000000019ebb800 JavaThread "Service Thread" daemon [_thread_blocked, id=8896, stack(0x000000001b720000,0x000000001b820000)]
  0x0000000019e34000 JavaThread "C1 CompilerThread3" daemon [_thread_blocked, id=9484, stack(0x000000001b620000,0x000000001b720000)]
=>0x0000000019e33000 JavaThread "C2 CompilerThread2" daemon [_thread_in_native, id=4740, stack(0x000000001b520000,0x000000001b620000)]
  0x0000000019e2d800 JavaThread "C2 CompilerThread1" daemon [_thread_in_native, id=4392, stack(0x000000001b420000,0x000000001b520000)]
  0x0000000019dcd000 JavaThread "C2 CompilerThread0" daemon [_thread_in_native, id=17380, stack(0x000000001b320000,0x000000001b420000)]
  0x0000000019dca800 JavaThread "Attach Listener" daemon [_thread_blocked, id=17324, stack(0x000000001b220000,0x000000001b320000)]
  0x0000000019e22800 JavaThread "Signal Dispatcher" daemon [_thread_blocked, id=2452, stack(0x000000001b120000,0x000000001b220000)]
  0x000000000346a000 JavaThread "Finalizer" daemon [_thread_blocked, id=17304, stack(0x000000001b020000,0x000000001b120000)]
  0x0000000003469000 JavaThread "Reference Handler" daemon [_thread_blocked, id=9036, stack(0x000000001af20000,0x000000001b020000)]
  0x0000000003372800 JavaThread "main" [_thread_blocked, id=8032, stack(0x0000000003190000,0x0000000003290000)]

Other Threads:
  0x00000000186d6800 VMThread [stack: 0x000000001ae20000,0x000000001af20000] [id=7912]
  0x0000000019ed5800 WatcherThread [stack: 0x000000001b820000,0x000000001b920000] [id=11224]

VM state:at safepoint (normal execution)

VM Mutex/Monitor currently owned by a thread:  ([mutex/lock_event])
[0x000000000336e110] Threads_lock - owner thread: 0x00000000186d6800

Heap:
 PSYoungGen      total 548864K, used 162707K [0x00000000d5580000, 0x0000000100000000, 0x0000000100000000)
  eden space 518656K, 30% used [0x00000000d5580000,0x00000000dee77818,0x00000000f5000000)
  from space 30208K, 20% used [0x00000000f5000000,0x00000000f55ed3e8,0x00000000f6d80000)
  to   space 47616K, 0% used [0x00000000fd180000,0x00000000fd180000,0x0000000100000000)
 ParOldGen       total 87040K, used 86850K [0x0000000080000000, 0x0000000085500000, 0x00000000d5580000)
  object space 87040K, 99% used [0x0000000080000000,0x00000000854d0ba0,0x0000000085500000)
 Metaspace       used 93717K, capacity 99994K, committed 102272K, reserved 1136640K
  class space    used 12651K, capacity 13685K, committed 14464K, reserved 1048576K

Card table byte_map: [0x0000000012830000,0x0000000012c40000] byte_map_base: 0x0000000012430000

Marking Bits: (ParMarkBitMap*) 0x0000000059873e30
 Begin Bits: [0x00000000138f0000, 0x00000000158f0000)
 End Bits:   [0x00000000158f0000, 0x00000000178f0000)

Polling page: 0x0000000000bd0000

CodeCache: size=245760Kb used=48145Kb max_used=48145Kb free=197614Kb
 bounds [0x0000000003470000, 0x00000000063d0000, 0x0000000012470000]
 total_blobs=15840 nmethods=14977 adapters=773
 compilation: enabled

Compilation events (10 events):
Event: 1181.579 Thread 0x0000000019e34000 18412       1       com.android.tools.r8.graph.l0$l::k (2 bytes)
Event: 1181.579 Thread 0x0000000019e34000 nmethod 18412 0x0000000005a90690 code [0x0000000005a907e0, 0x0000000005a908f0]
Event: 1181.590 Thread 0x0000000019e34000 18413   !   2       com.android.tools.r8.graph.i0::b (24 bytes)
Event: 1181.591 Thread 0x0000000019e34000 nmethod 18413 0x0000000005a8ffd0 code [0x0000000005a90160, 0x0000000005a90468]
Event: 1181.602 Thread 0x0000000019e34000 18415       2       com.android.tools.r8.code.c::<init> (7 bytes)
Event: 1181.602 Thread 0x0000000019e34000 nmethod 18415 0x0000000005a8fb90 code [0x0000000005a8fce0, 0x0000000005a8fe90]
Event: 1181.615 Thread 0x0000000019e34000 18417       2       com.android.tools.r8.dex.n::a (71 bytes)
Event: 1181.617 Thread 0x0000000019e34000 nmethod 18417 0x0000000004330ed0 code [0x0000000004331100, 0x0000000004331938]
Event: 1181.629 Thread 0x0000000019e34000 18418       2       com.android.tools.r8.graph.Z0::d (64 bytes)
Event: 1181.631 Thread 0x0000000019e34000 nmethod 18418 0x0000000004330750 code [0x0000000004330920, 0x0000000004330cb8]

GC Heap History (10 events):
Event: 491.652 GC heap before
{Heap before GC invocations=17 (full 3):
 PSYoungGen      total 300032K, used 300002K [0x00000000d5580000, 0x00000000f0d80000, 0x0000000100000000)
  eden space 280064K, 100% used [0x00000000d5580000,0x00000000e6700000,0x00000000e6700000)
  from space 19968K, 99% used [0x00000000e6700000,0x00000000e7a78a48,0x00000000e7a80000)
  to   space 24064K, 0% used [0x00000000ef600000,0x00000000ef600000,0x00000000f0d80000)
 ParOldGen       total 86016K, used 30683K [0x0000000080000000, 0x0000000085400000, 0x00000000d5580000)
  object space 86016K, 35% used [0x0000000080000000,0x0000000081df6c78,0x0000000085400000)
 Metaspace       used 68896K, capacity 72632K, committed 72832K, reserved 1112064K
  class space    used 9364K, capacity 10011K, committed 10112K, reserved 1048576K
Event: 491.780 GC heap after
Heap after GC invocations=17 (full 3):
 PSYoungGen      total 406016K, used 2240K [0x00000000d5580000, 0x00000000f0380000, 0x0000000100000000)
  eden space 392192K, 0% used [0x00000000d5580000,0x00000000d5580000,0x00000000ed480000)
  from space 13824K, 16% used [0x00000000ef600000,0x00000000ef830000,0x00000000f0380000)
  to   space 24064K, 0% used [0x00000000ed480000,0x00000000ed480000,0x00000000eec00000)
 ParOldGen       total 86016K, used 44250K [0x0000000080000000, 0x0000000085400000, 0x00000000d5580000)
  object space 86016K, 51% used [0x0000000080000000,0x0000000082b36978,0x0000000085400000)
 Metaspace       used 68896K, capacity 72632K, committed 72832K, reserved 1112064K
  class space    used 9364K, capacity 10011K, committed 10112K, reserved 1048576K
}
Event: 861.365 GC heap before
{Heap before GC invocations=18 (full 3):
 PSYoungGen      total 406016K, used 394426K [0x00000000d5580000, 0x00000000f0380000, 0x0000000100000000)
  eden space 392192K, 99% used [0x00000000d5580000,0x00000000ed47e8a8,0x00000000ed480000)
  from space 13824K, 16% used [0x00000000ef600000,0x00000000ef830000,0x00000000f0380000)
  to   space 24064K, 0% used [0x00000000ed480000,0x00000000ed480000,0x00000000eec00000)
 ParOldGen       total 86016K, used 44250K [0x0000000080000000, 0x0000000085400000, 0x00000000d5580000)
  object space 86016K, 51% used [0x0000000080000000,0x0000000082b36978,0x0000000085400000)
 Metaspace       used 69953K, capacity 74214K, committed 74496K, reserved 1114112K
  class space    used 9434K, capacity 10132K, committed 10240K, reserved 1048576K
Event: 861.474 GC heap after
Heap after GC invocations=18 (full 3):
 PSYoungGen      total 416256K, used 6224K [0x00000000d5580000, 0x00000000f8b00000, 0x0000000100000000)
  eden space 392192K, 0% used [0x00000000d5580000,0x00000000d5580000,0x00000000ed480000)
  from space 24064K, 25% used [0x00000000ed480000,0x00000000eda94010,0x00000000eec00000)
  to   space 23040K, 0% used [0x00000000f7480000,0x00000000f7480000,0x00000000f8b00000)
 ParOldGen       total 86016K, used 44768K [0x0000000080000000, 0x0000000085400000, 0x00000000d5580000)
  object space 86016K, 52% used [0x0000000080000000,0x0000000082bb8248,0x0000000085400000)
 Metaspace       used 69953K, capacity 74214K, committed 74496K, reserved 1114112K
  class space    used 9434K, capacity 10132K, committed 10240K, reserved 1048576K
}
Event: 1167.804 GC heap before
{Heap before GC invocations=19 (full 3):
 PSYoungGen      total 416256K, used 398416K [0x00000000d5580000, 0x00000000f8b00000, 0x0000000100000000)
  eden space 392192K, 100% used [0x00000000d5580000,0x00000000ed480000,0x00000000ed480000)
  from space 24064K, 25% used [0x00000000ed480000,0x00000000eda94010,0x00000000eec00000)
  to   space 23040K, 0% used [0x00000000f7480000,0x00000000f7480000,0x00000000f8b00000)
 ParOldGen       total 86016K, used 44768K [0x0000000080000000, 0x0000000085400000, 0x00000000d5580000)
  object space 86016K, 52% used [0x0000000080000000,0x0000000082bb8248,0x0000000085400000)
 Metaspace       used 83133K, capacity 88408K, committed 88576K, reserved 1126400K
  class space    used 11081K, capacity 11948K, committed 12032K, reserved 1048576K
Event: 1168.100 GC heap after
Heap after GC invocations=19 (full 3):
 PSYoungGen      total 539648K, used 23029K [0x00000000d5580000, 0x00000000f8b00000, 0x0000000100000000)
  eden space 516608K, 0% used [0x00000000d5580000,0x00000000d5580000,0x00000000f4e00000)
  from space 23040K, 99% used [0x00000000f7480000,0x00000000f8afd400,0x00000000f8b00000)
  to   space 30208K, 0% used [0x00000000f5000000,0x00000000f5000000,0x00000000f6d80000)
 ParOldGen       total 86016K, used 54564K [0x0000000080000000, 0x0000000085400000, 0x00000000d5580000)
  object space 86016K, 63% used [0x0000000080000000,0x00000000835491f8,0x0000000085400000)
 Metaspace       used 83133K, capacity 88408K, committed 88576K, reserved 1126400K
  class space    used 11081K, capacity 11948K, committed 12032K, reserved 1048576K
}
Event: 1172.019 GC heap before
{Heap before GC invocations=20 (full 3):
 PSYoungGen      total 539648K, used 257607K [0x00000000d5580000, 0x00000000f8b00000, 0x0000000100000000)
  eden space 516608K, 45% used [0x00000000d5580000,0x00000000e3a94818,0x00000000f4e00000)
  from space 23040K, 99% used [0x00000000f7480000,0x00000000f8afd400,0x00000000f8b00000)
  to   space 30208K, 0% used [0x00000000f5000000,0x00000000f5000000,0x00000000f6d80000)
 ParOldGen       total 86016K, used 54564K [0x0000000080000000, 0x0000000085400000, 0x00000000d5580000)
  object space 86016K, 63% used [0x0000000080000000,0x00000000835491f8,0x0000000085400000)
 Metaspace       used 91097K, capacity 98474K, committed 98560K, reserved 1134592K
  class space    used 12601K, capacity 13935K, committed 13952K, reserved 1048576K
Event: 1172.381 GC heap after
Heap after GC invocations=20 (full 3):
 PSYoungGen      total 548864K, used 30204K [0x00000000d5580000, 0x0000000100000000, 0x0000000100000000)
  eden space 518656K, 0% used [0x00000000d5580000,0x00000000d5580000,0x00000000f5000000)
  from space 30208K, 99% used [0x00000000f5000000,0x00000000f6d7f020,0x00000000f6d80000)
  to   space 47616K, 0% used [0x00000000fd180000,0x00000000fd180000,0x0000000100000000)
 ParOldGen       total 87040K, used 86898K [0x0000000080000000, 0x0000000085500000, 0x00000000d5580000)
  object space 87040K, 99% used [0x0000000080000000,0x00000000854dca50,0x0000000085500000)
 Metaspace       used 91097K, capacity 98474K, committed 98560K, reserved 1134592K
  class space    used 12601K, capacity 13935K, committed 13952K, reserved 1048576K
}
Event: 1172.382 GC heap before
{Heap before GC invocations=21 (full 4):
 PSYoungGen      total 548864K, used 30204K [0x00000000d5580000, 0x0000000100000000, 0x0000000100000000)
  eden space 518656K, 0% used [0x00000000d5580000,0x00000000d5580000,0x00000000f5000000)
  from space 30208K, 99% used [0x00000000f5000000,0x00000000f6d7f020,0x00000000f6d80000)
  to   space 47616K, 0% used [0x00000000fd180000,0x00000000fd180000,0x0000000100000000)
 ParOldGen       total 87040K, used 86898K [0x0000000080000000, 0x0000000085500000, 0x00000000d5580000)
  object space 87040K, 99% used [0x0000000080000000,0x00000000854dca50,0x0000000085500000)
 Metaspace       used 91097K, capacity 98474K, committed 98560K, reserved 1134592K
  class space    used 12601K, capacity 13935K, committed 13952K, reserved 1048576K
Event: 1179.307 GC heap after
Heap after GC invocations=21 (full 4):
 PSYoungGen      total 548864K, used 6068K [0x00000000d5580000, 0x0000000100000000, 0x0000000100000000)
  eden space 518656K, 0% used [0x00000000d5580000,0x00000000d5580000,0x00000000f5000000)
  from space 30208K, 20% used [0x00000000f5000000,0x00000000f55ed3e8,0x00000000f6d80000)
  to   space 47616K, 0% used [0x00000000fd180000,0x00000000fd180000,0x0000000100000000)
 ParOldGen       total 87040K, used 86850K [0x0000000080000000, 0x0000000085500000, 0x00000000d5580000)
  object space 87040K, 99% used [0x0000000080000000,0x00000000854d0ba0,0x0000000085500000)
 Metaspace       used 89371K, capacity 94502K, committed 98560K, reserved 1134592K
  class space    used 11971K, capacity 12835K, committed 13952K, reserved 1048576K
}

Deoptimization events (10 events):
Event: 1180.852 Thread 0x000000001fd4f000 Uncommon trap: reason=unstable_if action=reinterpret pc=0x00000000060084c4 method=com.android.tools.r8.dex.n.m()V @ 22
Event: 1180.852 Thread 0x000000001fd4f000 Uncommon trap: reason=unstable_if action=reinterpret pc=0x0000000005e3e164 method=com.android.tools.r8.q.a.b.l.d.a(Ljava/lang/Object;Z)Lcom/android/tools/r8/q/a/b/l/f; @ 15
Event: 1180.977 Thread 0x000000002ccb3800 Uncommon trap: reason=unstable_if action=reinterpret pc=0x0000000003d44870 method=java.util.Arrays.hashCode([Ljava/lang/Object;)I @ 1
Event: 1180.977 Thread 0x000000002ccad000 Uncommon trap: reason=unstable_if action=reinterpret pc=0x0000000003d44870 method=java.util.Arrays.hashCode([Ljava/lang/Object;)I @ 1
Event: 1180.977 Thread 0x000000002cca4800 Uncommon trap: reason=unstable_if action=reinterpret pc=0x0000000003d44870 method=java.util.Arrays.hashCode([Ljava/lang/Object;)I @ 1
Event: 1180.977 Thread 0x000000002ccaa000 Uncommon trap: reason=unstable_if action=reinterpret pc=0x0000000003d44870 method=java.util.Arrays.hashCode([Ljava/lang/Object;)I @ 1
Event: 1180.977 Thread 0x000000002cca4000 Uncommon trap: reason=unstable_if action=reinterpret pc=0x0000000003d44870 method=java.util.Arrays.hashCode([Ljava/lang/Object;)I @ 1
Event: 1180.978 Thread 0x000000002cca6000 Uncommon trap: reason=unstable_if action=reinterpret pc=0x0000000003d44870 method=java.util.Arrays.hashCode([Ljava/lang/Object;)I @ 1
Event: 1180.978 Thread 0x000000002ccac000 Uncommon trap: reason=unstable_if action=reinterpret pc=0x0000000003d44870 method=java.util.Arrays.hashCode([Ljava/lang/Object;)I @ 1
Event: 1181.106 Thread 0x000000002ccab800 Uncommon trap: reason=unstable_if action=reinterpret pc=0x0000000004400ca8 method=com.android.tools.r8.graph.g0.computeEquals(Ljava/lang/Object;)Z @ 37

Classes redefined (0 events):
No events

Internal exceptions (10 events):
Event: 1180.395 Thread 0x000000001fd51000 Exception <a 'sun/nio/fs/WindowsException'> (0x00000000d986cc80) thrown at [C:\re\workspace\8-2-build-windows-amd64-cygwin\jdk8u191\11896\hotspot\src\share\vm\prims\jni.cpp, line 709]
Event: 1180.504 Thread 0x0000000020ab6000 Exception <a 'java/lang/NoSuchMethodError': <clinit>> (0x00000000d8109708) thrown at [C:\re\workspace\8-2-build-windows-amd64-cygwin\jdk8u191\11896\hotspot\src\share\vm\prims\jni.cpp, line 1613]
Event: 1180.637 Thread 0x000000001fd4f000 Exception <a 'sun/nio/fs/WindowsException'> (0x00000000da1131e8) thrown at [C:\re\workspace\8-2-build-windows-amd64-cygwin\jdk8u191\11896\hotspot\src\share\vm\prims\jni.cpp, line 709]
Event: 1180.977 Thread 0x000000002ccb3800 Implicit null exception at 0x0000000003d4476f to 0x0000000003d44861
Event: 1180.977 Thread 0x000000002ccad000 Implicit null exception at 0x0000000003d4476f to 0x0000000003d44861
Event: 1180.977 Thread 0x000000002cca4800 Implicit null exception at 0x0000000003d4476f to 0x0000000003d44861
Event: 1180.977 Thread 0x000000002ccaa000 Implicit null exception at 0x0000000003d4476f to 0x0000000003d44861
Event: 1180.977 Thread 0x000000002ccac000 Implicit null exception at 0x0000000003d4476f to 0x0000000003d44861
Event: 1180.977 Thread 0x000000002cca4000 Implicit null exception at 0x0000000003d4476f to 0x0000000003d44861
Event: 1180.977 Thread 0x000000002cca6000 Implicit null exception at 0x0000000003d4476f to 0x0000000003d44861

Events (10 events):
Event: 1181.009 Executing VM operation: RevokeBias done
Event: 1181.106 Thread 0x000000002ccab800 Uncommon trap: trap_request=0xffffff65 fr.pc=0x0000000004400ca8
Event: 1181.106 Thread 0x000000002ccab800 DEOPT PACKING pc=0x0000000004400ca8 sp=0x000000003369ee00
Event: 1181.106 Thread 0x000000002ccab800 DEOPT UNPACKING pc=0x00000000034b583b sp=0x000000003369eda8 mode 2
Event: 1181.203 Thread 0x000000002ccab800 DEOPT PACKING pc=0x0000000006323076 sp=0x000000003369e710
Event: 1181.204 Thread 0x000000002ccab800 DEOPT UNPACKING pc=0x00000000034b7890 sp=0x000000003369ebb8 mode 0
Event: 1181.245 Thread 0x000000002ccab800 DEOPT PACKING pc=0x0000000006323076 sp=0x000000003369e710
Event: 1181.245 Thread 0x000000002ccab800 DEOPT UNPACKING pc=0x00000000034b7890 sp=0x000000003369ebb8 mode 0
Event: 1181.307 loading class com/android/tools/r8/graph/l0$a
Event: 1181.307 loading class com/android/tools/r8/graph/l0$a done


Dynamic libraries:
0x00007ff64d990000 - 0x00007ff64d9c7000 	C:\Program Files\Java\jdk1.8.0_191\bin\java.exe
0x00007ff8b0a80000 - 0x00007ff8b0c70000 	C:\WINDOWS\SYSTEM32\ntdll.dll
0x00007ff8b08d0000 - 0x00007ff8b0982000 	C:\WINDOWS\System32\KERNEL32.DLL
0x00007ff8adad0000 - 0x00007ff8add75000 	C:\WINDOWS\System32\KERNELBASE.dll
0x00007ff8b0990000 - 0x00007ff8b0a33000 	C:\WINDOWS\System32\ADVAPI32.dll
0x00007ff8afb90000 - 0x00007ff8afc2e000 	C:\WINDOWS\System32\msvcrt.dll
0x00007ff8aeb30000 - 0x00007ff8aebc7000 	C:\WINDOWS\System32\sechost.dll
0x00007ff8b0790000 - 0x00007ff8b08b0000 	C:\WINDOWS\System32\RPCRT4.dll
0x00007ff8b0530000 - 0x00007ff8b06c4000 	C:\WINDOWS\System32\USER32.dll
0x00007ff8ae960000 - 0x00007ff8ae981000 	C:\WINDOWS\System32\win32u.dll
0x00007ff8aebd0000 - 0x00007ff8aebf6000 	C:\WINDOWS\System32\GDI32.dll
0x00007ff8ae990000 - 0x00007ff8aeb26000 	C:\WINDOWS\System32\gdi32full.dll
0x00007ff8ae590000 - 0x00007ff8ae62e000 	C:\WINDOWS\System32\msvcp_win.dll
0x00007ff8ae860000 - 0x00007ff8ae95a000 	C:\WINDOWS\System32\ucrtbase.dll
0x00007ff87c7a0000 - 0x00007ff87ca24000 	C:\WINDOWS\WinSxS\amd64_microsoft.windows.common-controls_6595b64144ccf1df_6.0.18362.1256_none_9e7e379be45e40e2\COMCTL32.dll
0x00007ff8b00e0000 - 0x00007ff8b0416000 	C:\WINDOWS\System32\combase.dll
0x00007ff8ad9f0000 - 0x00007ff8ada71000 	C:\WINDOWS\System32\bcryptPrimitives.dll
0x00007ff8b04a0000 - 0x00007ff8b04ce000 	C:\WINDOWS\System32\IMM32.DLL
0x0000000059900000 - 0x00000000599d2000 	C:\Program Files\Java\jdk1.8.0_191\jre\bin\msvcr100.dll
0x0000000059050000 - 0x00000000598f4000 	C:\Program Files\Java\jdk1.8.0_191\jre\bin\server\jvm.dll
0x00007ff8af4c0000 - 0x00007ff8af4c8000 	C:\WINDOWS\System32\PSAPI.DLL
0x00007ff8a8f00000 - 0x00007ff8a8f0a000 	C:\WINDOWS\SYSTEM32\VERSION.dll
0x00007ff89f9a0000 - 0x00007ff89f9a9000 	C:\WINDOWS\SYSTEM32\WSOCK32.dll
0x00007ff8a2d20000 - 0x00007ff8a2d44000 	C:\WINDOWS\SYSTEM32\WINMM.dll
0x00007ff8b0010000 - 0x00007ff8b007f000 	C:\WINDOWS\System32\WS2_32.dll
0x00007ff8a2b40000 - 0x00007ff8a2b6d000 	C:\WINDOWS\SYSTEM32\winmmbase.dll
0x00007ff8ada80000 - 0x00007ff8adaca000 	C:\WINDOWS\System32\cfgmgr32.dll
0x0000000059040000 - 0x000000005904f000 	C:\Program Files\Java\jdk1.8.0_191\jre\bin\verify.dll
0x0000000059010000 - 0x0000000059039000 	C:\Program Files\Java\jdk1.8.0_191\jre\bin\java.dll
0x0000000058ff0000 - 0x0000000059006000 	C:\Program Files\Java\jdk1.8.0_191\jre\bin\zip.dll
0x00007ff8aec90000 - 0x00007ff8af377000 	C:\WINDOWS\System32\SHELL32.dll
0x00007ff8b06d0000 - 0x00007ff8b0779000 	C:\WINDOWS\System32\shcore.dll
0x00007ff8ade00000 - 0x00007ff8ae581000 	C:\WINDOWS\System32\windows.storage.dll
0x00007ff8ad950000 - 0x00007ff8ad973000 	C:\WINDOWS\System32\profapi.dll
0x00007ff8ad980000 - 0x00007ff8ad9ca000 	C:\WINDOWS\System32\powrprof.dll
0x00007ff8ad920000 - 0x00007ff8ad930000 	C:\WINDOWS\System32\UMPDC.dll
0x00007ff8afb30000 - 0x00007ff8afb82000 	C:\WINDOWS\System32\shlwapi.dll
0x00007ff8ad930000 - 0x00007ff8ad941000 	C:\WINDOWS\System32\kernel.appcore.dll
0x00007ff8add80000 - 0x00007ff8add97000 	C:\WINDOWS\System32\cryptsp.dll
0x0000000058fd0000 - 0x0000000058fea000 	C:\Program Files\Java\jdk1.8.0_191\jre\bin\net.dll
0x00007ff8ad170000 - 0x00007ff8ad1d7000 	C:\WINDOWS\system32\mswsock.dll
0x0000000058fb0000 - 0x0000000058fc1000 	C:\Program Files\Java\jdk1.8.0_191\jre\bin\nio.dll
0x00007ff8a8b30000 - 0x00007ff8a8b57000 	C:\Users\23566\.gradle\native\f6784746aeab05261644944871eae4fe03e0ef1612fff0a4a95f87b438bc6780\windows-amd64\native-platform.dll
0x0000000058fa0000 - 0x0000000058fad000 	C:\Program Files\Java\jdk1.8.0_191\jre\bin\management.dll
0x00007ff8acce0000 - 0x00007ff8acd13000 	C:\WINDOWS\system32\rsaenh.dll
0x00007ff8ae630000 - 0x00007ff8ae656000 	C:\WINDOWS\System32\bcrypt.dll
0x00007ff8ad840000 - 0x00007ff8ad865000 	C:\WINDOWS\SYSTEM32\USERENV.dll
0x00007ff8ad340000 - 0x00007ff8ad34c000 	C:\WINDOWS\SYSTEM32\CRYPTBASE.dll
0x00007ff8ace80000 - 0x00007ff8aceba000 	C:\WINDOWS\SYSTEM32\IPHLPAPI.DLL
0x00007ff8aec80000 - 0x00007ff8aec88000 	C:\WINDOWS\System32\NSI.dll
0x00007ff8a7d70000 - 0x00007ff8a7d86000 	C:\WINDOWS\SYSTEM32\dhcpcsvc6.DLL
0x00007ff8a8270000 - 0x00007ff8a828c000 	C:\WINDOWS\SYSTEM32\dhcpcsvc.DLL
0x00007ff8acec0000 - 0x00007ff8acf8b000 	C:\WINDOWS\SYSTEM32\DNSAPI.dll
0x00007ff8a84a0000 - 0x00007ff8a84ab000 	C:\WINDOWS\SYSTEM32\WINNSI.DLL

VM Arguments:
jvm_args: -Xmx2048m -Dfile.encoding=UTF-8 -Duser.country=CN -Duser.language=zh -Duser.variant 
java_command: org.gradle.launcher.daemon.bootstrap.GradleDaemon 6.5
java_class_path (initial): C:\Users\23566\.gradle\wrapper\dists\gradle-6.5-all\2oz4ud9k3tuxjg84bbf55q0tn\gradle-6.5\lib\gradle-launcher-6.5.jar
Launcher Type: SUN_STANDARD

Environment Variables:
JAVA_HOME=C:\Program Files\Java\jdk1.8.0_191
CLASSPATH=.;C:\Program Files\Java\jdk1.8.0_191\lib\tools.jar;C:\Program Files\Java\jdk1.8.0_191\lib\dt.jar
PATH=C:\Program Files (x86)\Common Files\Oracle\Java\javapath;C:\ProgramData\Oracle\Java\javapath;C:\Program Files\Microsoft MPI\Bin\;C:\WINDOWS\system32;C:\WINDOWS;C:\WINDOWS\System32\Wbem;"C:\WINDOWS\System32\WindowsPowerShell\v1.0\;C:\Program Files\Java\jdk1.8.0_191\bin";C:\Program Files\IDM Computer Solutions\UltraEdit;C:\WINDOWS\System32\OpenSSH\;C:\Program Files\Java\jdk1.8.0_191\bin;D:\Program Files (x86)\Microsoft SQL Server\140\Tools\Binn\;D:\Program Files\Microsoft SQL Server\140\Tools\Binn\;D:\Program Files (x86)\Microsoft SQL Server\140\DTS\Binn\;D:\Program Files\Microsoft SQL Server\140\DTS\Binn\;D:\Program Files\Microsoft SQL Server\Client SDK\ODBC\130\Tools\Binn\;D:\Program Files (x86)\Microsoft SQL Server\Client SDK\ODBC\130\Tools\Binn\;D:\Program Files (x86)\Microsoft SQL Server\140\Tools\Binn\ManagementStudio\;C:\Program Files\Common Files\Autodesk Shared\;C:\WINDOWS\system32\config\systemprofile\.dnx\bin;C:\Program Files\Microsoft DNX\Dnvm\;C:\Program Files (x86)\Windows Kits\8.1\Windows Performance Toolkit\;C:\Program Files\Java\jdk1.8.0_191\bin;C:\Program Files\Git\cmd;C:\Program Files (x86)\Autodesk\Backburner\;D:\Python\Scripts\;D:\Python\;C:\Users\23566\AppData\Local\Microsoft\WindowsApps;C:\Users\23566\AppData\Local\GitHubDesktop\bin
USERNAME=NXY
OS=Windows_NT
PROCESSOR_IDENTIFIER=Intel64 Family 6 Model 158 Stepping 10, GenuineIntel



---------------  S Y S T E M  ---------------

OS: Windows 10.0 , 64 bit Build 18362 (10.0.18362.1110)

CPU:total 12 (initial active 12) (6 cores per cpu, 2 threads per core) family 6 model 158 stepping 10, cmov, cx8, fxsr, mmx, sse, sse2, sse3, ssse3, sse4.1, sse4.2, popcnt, avx, avx2, aes, clmul, erms, 3dnowpref, lzcnt, ht, tsc, tscinvbit, bmi1, bmi2, adx

Memory: 4k page, physical 8231820k(439872k free), swap 14424972k(392k free)

vm_info: Java HotSpot(TM) 64-Bit Server VM (25.191-b12) for windows-amd64 JRE (1.8.0_191-b12), built on Oct  6 2018 09:29:03 by "java_re" with MS VC++ 10.0 (VS2010)

time: Wed Dec 09 15:06:11 2020
elapsed time: 1181 seconds (0d 0h 19m 41s)

